<?xml version="1.0" encoding="UTF-8"?>
<!-- Generated by org.testng.reporters.JUnitReportReporter -->
<testsuite hostname="DESKTOP-P8351SK" failures="0" tests="1" name="com.EasyCalcul.TestCases.VerifyEasyCalcLogin" time="8.886" errors="0" timestamp="2023-05-25T11:42:40 IST" skipped="0">
  <testcase classname="com.EasyCalcul.TestCases.VerifyEasyCalcLogin" name="validateLogin" time="8.886"/>
  <system-out/>
</testsuite> <!-- com.EasyCalcul.TestCases.VerifyEasyCalcLogin -->
