<?xml version="1.0" encoding="UTF-8"?>
<!-- Generated by org.testng.reporters.JUnitReportReporter -->
<testsuite hostname="DESKTOP-P8351SK" failures="0" tests="1" name="com.storewebkul.TestCases.VerifyStoreWebkulLogin" time="18.024" errors="0" timestamp="2023-05-25T12:08:59 IST" skipped="0">
  <testcase classname="com.storewebkul.TestCases.VerifyStoreWebkulLogin" name="validateLogin" time="18.024"/>
  <system-out/>
</testsuite> <!-- com.storewebkul.TestCases.VerifyStoreWebkulLogin -->
